\BOOKMARK [0][-]{chapter.1}{\376\377\0001\000\040\000\315\000n\000d\000i\000c\000e\000\040\000d\000a\000s\000\040\000e\000s\000t\000r\000u\000t\000u\000r\000a\000s\000\040\000d\000e\000\040\000d\000a\000d\000o\000s}{}% 1
\BOOKMARK [1][-]{section.1.1}{\376\377\0001\000.\0001\000\040\000E\000s\000t\000r\000u\000t\000u\000r\000a\000s\000\040\000d\000e\000\040\000d\000a\000d\000o\000s}{chapter.1}% 2
\BOOKMARK [0][-]{chapter.2}{\376\377\0002\000\040\000\315\000n\000d\000i\000c\000e\000\040\000d\000o\000s\000\040\000f\000i\000c\000h\000e\000i\000r\000o\000s}{}% 3
\BOOKMARK [1][-]{section.2.1}{\376\377\0002\000.\0001\000\040\000L\000i\000s\000t\000a\000\040\000d\000e\000\040\000f\000i\000c\000h\000e\000i\000r\000o\000s}{chapter.2}% 4
\BOOKMARK [0][-]{chapter.3}{\376\377\0003\000\040\000D\000o\000c\000u\000m\000e\000n\000t\000a\000\347\000\343\000o\000\040\000d\000a\000\040\000e\000s\000t\000r\000u\000t\000u\000r\000a\000s\000\040\000d\000e\000\040\000d\000a\000d\000o\000s}{}% 5
\BOOKMARK [1][-]{section.3.1}{\376\377\0003\000.\0001\000\040\000R\000e\000f\000e\000r\000\352\000n\000c\000i\000a\000\040\000\340\000\040\000e\000s\000t\000r\000u\000t\000u\000r\000a\000\040\000D\000i\000e\000t\000a}{chapter.3}% 6
\BOOKMARK [2][-]{subsection.3.1.1}{\376\377\0003\000.\0001\000.\0001\000\040\000D\000e\000s\000c\000r\000i\000\347\000\343\000o\000\040\000d\000e\000t\000a\000l\000h\000a\000d\000a}{section.3.1}% 7
\BOOKMARK [2][-]{subsection.3.1.2}{\376\377\0003\000.\0001\000.\0002\000\040\000D\000o\000c\000u\000m\000e\000n\000t\000a\000\347\000\343\000o\000\040\000d\000o\000s\000\040\000c\000a\000m\000p\000o\000s\000\040\000e\000\040\000a\000t\000r\000i\000b\000u\000t\000o\000s}{section.3.1}% 8
\BOOKMARK [3][-]{subsubsection.3.1.2.1}{\376\377\0003\000.\0001\000.\0002\000.\0001\000\040\000a\000l\000i\000m\000e\000n\000t\000o}{subsection.3.1.2}% 9
\BOOKMARK [3][-]{subsubsection.3.1.2.2}{\376\377\0003\000.\0001\000.\0002\000.\0002\000\040\000c\000a\000l\000o\000r\000i\000a\000s}{subsection.3.1.2}% 10
\BOOKMARK [3][-]{subsubsection.3.1.2.3}{\376\377\0003\000.\0001\000.\0002\000.\0003\000\040\000d\000a\000t\000a}{subsection.3.1.2}% 11
\BOOKMARK [3][-]{subsubsection.3.1.2.4}{\376\377\0003\000.\0001\000.\0002\000.\0004\000\040\000n\000u\000m\000P\000a\000c\000i\000e\000n\000t\000e}{subsection.3.1.2}% 12
\BOOKMARK [3][-]{subsubsection.3.1.2.5}{\376\377\0003\000.\0001\000.\0002\000.\0005\000\040\000r\000e\000f\000e\000i\000c\000a\000o}{subsection.3.1.2}% 13
\BOOKMARK [1][-]{section.3.2}{\376\377\0003\000.\0002\000\040\000R\000e\000f\000e\000r\000\352\000n\000c\000i\000a\000\040\000\340\000\040\000e\000s\000t\000r\000u\000t\000u\000r\000a\000\040\000P\000a\000c\000i\000e\000n\000t\000e}{chapter.3}% 14
\BOOKMARK [2][-]{subsection.3.2.1}{\376\377\0003\000.\0002\000.\0001\000\040\000D\000e\000s\000c\000r\000i\000\347\000\343\000o\000\040\000d\000e\000t\000a\000l\000h\000a\000d\000a}{section.3.2}% 15
\BOOKMARK [2][-]{subsection.3.2.2}{\376\377\0003\000.\0002\000.\0002\000\040\000D\000o\000c\000u\000m\000e\000n\000t\000a\000\347\000\343\000o\000\040\000d\000o\000s\000\040\000c\000a\000m\000p\000o\000s\000\040\000e\000\040\000a\000t\000r\000i\000b\000u\000t\000o\000s}{section.3.2}% 16
\BOOKMARK [3][-]{subsubsection.3.2.2.1}{\376\377\0003\000.\0002\000.\0002\000.\0001\000\040\000n\000o\000m\000e}{subsection.3.2.2}% 17
\BOOKMARK [3][-]{subsubsection.3.2.2.2}{\376\377\0003\000.\0002\000.\0002\000.\0002\000\040\000n\000u\000m\000P\000a\000c\000i\000e\000n\000t\000e}{subsection.3.2.2}% 18
\BOOKMARK [3][-]{subsubsection.3.2.2.3}{\376\377\0003\000.\0002\000.\0002\000.\0003\000\040\000t\000e\000l\000e\000m\000o\000v\000e\000l}{subsection.3.2.2}% 19
\BOOKMARK [1][-]{section.3.3}{\376\377\0003\000.\0003\000\040\000R\000e\000f\000e\000r\000\352\000n\000c\000i\000a\000\040\000\340\000\040\000e\000s\000t\000r\000u\000t\000u\000r\000a\000\040\000P\000l\000a\000n\000o\000N\000u\000t\000r\000i\000c\000i\000o\000n\000a\000l}{chapter.3}% 20
\BOOKMARK [2][-]{subsection.3.3.1}{\376\377\0003\000.\0003\000.\0001\000\040\000D\000e\000s\000c\000r\000i\000\347\000\343\000o\000\040\000d\000e\000t\000a\000l\000h\000a\000d\000a}{section.3.3}% 21
\BOOKMARK [2][-]{subsection.3.3.2}{\376\377\0003\000.\0003\000.\0002\000\040\000D\000o\000c\000u\000m\000e\000n\000t\000a\000\347\000\343\000o\000\040\000d\000o\000s\000\040\000c\000a\000m\000p\000o\000s\000\040\000e\000\040\000a\000t\000r\000i\000b\000u\000t\000o\000s}{section.3.3}% 22
\BOOKMARK [3][-]{subsubsection.3.3.2.1}{\376\377\0003\000.\0003\000.\0002\000.\0001\000\040\000c\000a\000l\000M\000A\000X}{subsection.3.3.2}% 23
\BOOKMARK [3][-]{subsubsection.3.3.2.2}{\376\377\0003\000.\0003\000.\0002\000.\0002\000\040\000c\000a\000l\000M\000I\000N}{subsection.3.3.2}% 24
\BOOKMARK [3][-]{subsubsection.3.3.2.3}{\376\377\0003\000.\0003\000.\0002\000.\0003\000\040\000d\000a\000t\000a}{subsection.3.3.2}% 25
\BOOKMARK [3][-]{subsubsection.3.3.2.4}{\376\377\0003\000.\0003\000.\0002\000.\0004\000\040\000n\000u\000m\000P\000a\000c\000i\000e\000n\000t\000e}{subsection.3.3.2}% 26
\BOOKMARK [3][-]{subsubsection.3.3.2.5}{\376\377\0003\000.\0003\000.\0002\000.\0005\000\040\000r\000e\000f\000e\000i\000c\000a\000o}{subsection.3.3.2}% 27
\BOOKMARK [0][-]{chapter.4}{\376\377\0004\000\040\000D\000o\000c\000u\000m\000e\000n\000t\000a\000\347\000\343\000o\000\040\000d\000o\000\040\000f\000i\000c\000h\000e\000i\000r\000o}{}% 28
\BOOKMARK [1][-]{section.4.1}{\376\377\0004\000.\0001\000\040\000R\000e\000f\000e\000r\000\352\000n\000c\000i\000a\000\040\000a\000o\000\040\000f\000i\000c\000h\000e\000i\000r\000o\000\040\000f\000u\000n\000c\000o\000e\000s\000.\000c}{chapter.4}% 29
\BOOKMARK [2][-]{subsection.4.1.1}{\376\377\0004\000.\0001\000.\0001\000\040\000D\000e\000s\000c\000r\000i\000\347\000\343\000o\000\040\000d\000e\000t\000a\000l\000h\000a\000d\000a}{section.4.1}% 30
\BOOKMARK [2][-]{subsection.4.1.2}{\376\377\0004\000.\0001\000.\0002\000\040\000D\000o\000c\000u\000m\000e\000n\000t\000a\000\347\000\343\000o\000\040\000d\000a\000s\000\040\000f\000u\000n\000\347\000\365\000e\000s}{section.4.1}% 31
\BOOKMARK [3][-]{subsubsection.4.1.2.1}{\376\377\0004\000.\0001\000.\0002\000.\0001\000\040\000c\000a\000l\000c\000u\000l\000a\000r\000M\000e\000d\000i\000a\000C\000a\000l\000M\000a\000x\000\050\000\051}{subsection.4.1.2}% 32
\BOOKMARK [3][-]{subsubsection.4.1.2.2}{\376\377\0004\000.\0001\000.\0002\000.\0002\000\040\000c\000a\000l\000c\000u\000l\000a\000r\000M\000e\000d\000i\000a\000C\000a\000l\000M\000i\000n\000\050\000\051}{subsection.4.1.2}% 33
\BOOKMARK [3][-]{subsubsection.4.1.2.3}{\376\377\0004\000.\0001\000.\0002\000.\0003\000\040\000c\000a\000l\000c\000u\000l\000a\000r\000M\000e\000d\000i\000a\000C\000a\000l\000o\000r\000i\000a\000s\000\050\000\051}{subsection.4.1.2}% 34
\BOOKMARK [3][-]{subsubsection.4.1.2.4}{\376\377\0004\000.\0001\000.\0002\000.\0004\000\040\000l\000i\000s\000t\000a\000r\000P\000l\000a\000n\000o\000\050\000\051}{subsection.4.1.2}% 35
\BOOKMARK [3][-]{subsubsection.4.1.2.5}{\376\377\0004\000.\0001\000.\0002\000.\0005\000\040\000M\000e\000d\000i\000a\000C\000a\000l\000o\000r\000i\000a\000s\000\050\000\051}{subsection.4.1.2}% 36
\BOOKMARK [3][-]{subsubsection.4.1.2.6}{\376\377\0004\000.\0001\000.\0002\000.\0006\000\040\000M\000o\000s\000t\000r\000a\000r\000T\000a\000b\000e\000l\000a\000\050\000\051}{subsection.4.1.2}% 37
\BOOKMARK [3][-]{subsubsection.4.1.2.7}{\376\377\0004\000.\0001\000.\0002\000.\0007\000\040\000n\000u\000m\000P\000a\000c\000i\000e\000n\000t\000e\000s\000U\000l\000t\000r\000a\000p\000a\000s\000s\000a\000r\000a\000m\000\050\000\051}{subsection.4.1.2}% 38
\BOOKMARK [3][-]{subsubsection.4.1.2.8}{\376\377\0004\000.\0001\000.\0002\000.\0008\000\040\000P\000a\000c\000i\000e\000n\000t\000e\000s\000F\000o\000r\000a\000L\000i\000m\000i\000t\000e\000s\000\050\000\051}{subsection.4.1.2}% 39
\BOOKMARK [1][-]{section.4.2}{\376\377\0004\000.\0002\000\040\000R\000e\000f\000e\000r\000\352\000n\000c\000i\000a\000\040\000a\000o\000\040\000f\000i\000c\000h\000e\000i\000r\000o\000\040\000G\000e\000s\000t\000a\000o\000F\000i\000c\000h\000e\000i\000r\000o\000s\000.\000c}{chapter.4}% 40
\BOOKMARK [2][-]{subsection.4.2.1}{\376\377\0004\000.\0002\000.\0001\000\040\000D\000e\000s\000c\000r\000i\000\347\000\343\000o\000\040\000d\000e\000t\000a\000l\000h\000a\000d\000a}{section.4.2}% 41
\BOOKMARK [2][-]{subsection.4.2.2}{\376\377\0004\000.\0002\000.\0002\000\040\000D\000o\000c\000u\000m\000e\000n\000t\000a\000\347\000\343\000o\000\040\000d\000a\000s\000\040\000f\000u\000n\000\347\000\365\000e\000s}{section.4.2}% 42
\BOOKMARK [3][-]{subsubsection.4.2.2.1}{\376\377\0004\000.\0002\000.\0002\000.\0001\000\040\000C\000o\000n\000v\000e\000r\000t\000e\000r\000I\000n\000f\000o\000D\000i\000e\000t\000a\000B\000i\000n\000a\000r\000i\000o\000\050\000\051}{subsection.4.2.2}% 43
\BOOKMARK [3][-]{subsubsection.4.2.2.2}{\376\377\0004\000.\0002\000.\0002\000.\0002\000\040\000C\000o\000n\000v\000e\000r\000t\000e\000r\000P\000a\000c\000i\000e\000n\000t\000e\000B\000i\000n\000a\000r\000i\000o\000\050\000\051}{subsection.4.2.2}% 44
\BOOKMARK [3][-]{subsubsection.4.2.2.3}{\376\377\0004\000.\0002\000.\0002\000.\0003\000\040\000C\000o\000n\000v\000e\000r\000t\000e\000r\000P\000l\000a\000n\000o\000N\000u\000t\000r\000i\000c\000i\000o\000n\000a\000l\000B\000i\000n\000a\000r\000i\000o\000\050\000\051}{subsection.4.2.2}% 45
\BOOKMARK [3][-]{subsubsection.4.2.2.4}{\376\377\0004\000.\0002\000.\0002\000.\0004\000\040\000I\000m\000p\000o\000r\000t\000a\000r\000I\000n\000f\000o\000D\000i\000e\000t\000a\000\050\000\051}{subsection.4.2.2}% 46
\BOOKMARK [3][-]{subsubsection.4.2.2.5}{\376\377\0004\000.\0002\000.\0002\000.\0005\000\040\000I\000m\000p\000o\000r\000t\000a\000r\000P\000a\000c\000i\000e\000n\000t\000e\000s\000\050\000\051}{subsection.4.2.2}% 47
\BOOKMARK [3][-]{subsubsection.4.2.2.6}{\376\377\0004\000.\0002\000.\0002\000.\0006\000\040\000I\000m\000p\000o\000r\000t\000a\000r\000P\000l\000a\000n\000o\000N\000u\000t\000r\000i\000c\000i\000o\000n\000a\000l\000\050\000\051}{subsection.4.2.2}% 48
\BOOKMARK [1][-]{section.4.3}{\376\377\0004\000.\0003\000\040\000R\000e\000f\000e\000r\000\352\000n\000c\000i\000a\000\040\000a\000o\000\040\000f\000i\000c\000h\000e\000i\000r\000o\000\040\000G\000e\000s\000t\000a\000o\000F\000i\000c\000h\000e\000i\000r\000o\000s\000.\000h}{chapter.4}% 49
\BOOKMARK [2][-]{subsection.4.3.1}{\376\377\0004\000.\0003\000.\0001\000\040\000D\000e\000s\000c\000r\000i\000\347\000\343\000o\000\040\000d\000e\000t\000a\000l\000h\000a\000d\000a}{section.4.3}% 50
\BOOKMARK [2][-]{subsection.4.3.2}{\376\377\0004\000.\0003\000.\0002\000\040\000D\000o\000c\000u\000m\000e\000n\000t\000a\000\347\000\343\000o\000\040\000d\000a\000s\000\040\000m\000a\000c\000r\000o\000s}{section.4.3}% 51
\BOOKMARK [3][-]{subsubsection.4.3.2.1}{\376\377\0004\000.\0003\000.\0002\000.\0001\000\040\000N}{subsection.4.3.2}% 52
\BOOKMARK [2][-]{subsection.4.3.3}{\376\377\0004\000.\0003\000.\0003\000\040\000D\000o\000c\000u\000m\000e\000n\000t\000a\000\347\000\343\000o\000\040\000d\000a\000s\000\040\000f\000u\000n\000\347\000\365\000e\000s}{section.4.3}% 53
\BOOKMARK [3][-]{subsubsection.4.3.3.1}{\376\377\0004\000.\0003\000.\0003\000.\0001\000\040\000C\000o\000n\000v\000e\000r\000t\000e\000r\000I\000n\000f\000o\000D\000i\000e\000t\000a\000B\000i\000n\000a\000r\000i\000o\000\050\000\051}{subsection.4.3.3}% 54
\BOOKMARK [3][-]{subsubsection.4.3.3.2}{\376\377\0004\000.\0003\000.\0003\000.\0002\000\040\000C\000o\000n\000v\000e\000r\000t\000e\000r\000P\000a\000c\000i\000e\000n\000t\000e\000B\000i\000n\000a\000r\000i\000o\000\050\000\051}{subsection.4.3.3}% 55
\BOOKMARK [3][-]{subsubsection.4.3.3.3}{\376\377\0004\000.\0003\000.\0003\000.\0003\000\040\000C\000o\000n\000v\000e\000r\000t\000e\000r\000P\000l\000a\000n\000o\000N\000u\000t\000r\000i\000c\000i\000o\000n\000a\000l\000B\000i\000n\000a\000r\000i\000o\000\050\000\051}{subsection.4.3.3}% 56
\BOOKMARK [3][-]{subsubsection.4.3.3.4}{\376\377\0004\000.\0003\000.\0003\000.\0004\000\040\000I\000m\000p\000o\000r\000t\000a\000r\000I\000n\000f\000o\000D\000i\000e\000t\000a\000\050\000\051}{subsection.4.3.3}% 57
\BOOKMARK [3][-]{subsubsection.4.3.3.5}{\376\377\0004\000.\0003\000.\0003\000.\0005\000\040\000I\000m\000p\000o\000r\000t\000a\000r\000P\000a\000c\000i\000e\000n\000t\000e\000s\000\050\000\051}{subsection.4.3.3}% 58
\BOOKMARK [3][-]{subsubsection.4.3.3.6}{\376\377\0004\000.\0003\000.\0003\000.\0006\000\040\000I\000m\000p\000o\000r\000t\000a\000r\000P\000l\000a\000n\000o\000N\000u\000t\000r\000i\000c\000i\000o\000n\000a\000l\000\050\000\051}{subsection.4.3.3}% 59
\BOOKMARK [1][-]{section.4.4}{\376\377\0004\000.\0004\000\040\000G\000e\000s\000t\000a\000o\000F\000i\000c\000h\000e\000i\000r\000o\000s\000.\000h}{chapter.4}% 60
\BOOKMARK [1][-]{section.4.5}{\376\377\0004\000.\0005\000\040\000R\000e\000f\000e\000r\000\352\000n\000c\000i\000a\000\040\000a\000o\000\040\000f\000i\000c\000h\000e\000i\000r\000o\000\040\000g\000l\000o\000b\000a\000l\000.\000h}{chapter.4}% 61
\BOOKMARK [2][-]{subsection.4.5.1}{\376\377\0004\000.\0005\000.\0001\000\040\000D\000e\000s\000c\000r\000i\000\347\000\343\000o\000\040\000d\000e\000t\000a\000l\000h\000a\000d\000a}{section.4.5}% 62
\BOOKMARK [2][-]{subsection.4.5.2}{\376\377\0004\000.\0005\000.\0002\000\040\000D\000o\000c\000u\000m\000e\000n\000t\000a\000\347\000\343\000o\000\040\000d\000a\000s\000\040\000m\000a\000c\000r\000o\000s}{section.4.5}% 63
\BOOKMARK [3][-]{subsubsection.4.5.2.1}{\376\377\0004\000.\0005\000.\0002\000.\0001\000\040\000f\000a\000l\000s\000e}{subsection.4.5.2}% 64
\BOOKMARK [3][-]{subsubsection.4.5.2.2}{\376\377\0004\000.\0005\000.\0002\000.\0002\000\040\000K}{subsection.4.5.2}% 65
\BOOKMARK [3][-]{subsubsection.4.5.2.3}{\376\377\0004\000.\0005\000.\0002\000.\0003\000\040\000M\000A\000X\000\137\000D\000A\000T\000A\000S}{subsection.4.5.2}% 66
\BOOKMARK [3][-]{subsubsection.4.5.2.4}{\376\377\0004\000.\0005\000.\0002\000.\0004\000\040\000M\000A\000X\000\137\000P\000A\000C\000I\000E\000N\000T\000E\000S}{subsection.4.5.2}% 67
\BOOKMARK [3][-]{subsubsection.4.5.2.5}{\376\377\0004\000.\0005\000.\0002\000.\0005\000\040\000N}{subsection.4.5.2}% 68
\BOOKMARK [3][-]{subsubsection.4.5.2.6}{\376\377\0004\000.\0005\000.\0002\000.\0006\000\040\000t\000r\000u\000e}{subsection.4.5.2}% 69
\BOOKMARK [3][-]{subsubsection.4.5.2.7}{\376\377\0004\000.\0005\000.\0002\000.\0007\000\040\000X}{subsection.4.5.2}% 70
\BOOKMARK [1][-]{section.4.6}{\376\377\0004\000.\0006\000\040\000g\000l\000o\000b\000a\000l\000.\000h}{chapter.4}% 71
\BOOKMARK [1][-]{section.4.7}{\376\377\0004\000.\0007\000\040\000R\000e\000f\000e\000r\000\352\000n\000c\000i\000a\000\040\000a\000o\000\040\000f\000i\000c\000h\000e\000i\000r\000o\000\040\000m\000a\000i\000n\000.\000c}{chapter.4}% 72
\BOOKMARK [2][-]{subsection.4.7.1}{\376\377\0004\000.\0007\000.\0001\000\040\000D\000e\000s\000c\000r\000i\000\347\000\343\000o\000\040\000d\000e\000t\000a\000l\000h\000a\000d\000a}{section.4.7}% 73
\BOOKMARK [2][-]{subsection.4.7.2}{\376\377\0004\000.\0007\000.\0002\000\040\000D\000o\000c\000u\000m\000e\000n\000t\000a\000\347\000\343\000o\000\040\000d\000a\000s\000\040\000f\000u\000n\000\347\000\365\000e\000s}{section.4.7}% 74
\BOOKMARK [3][-]{subsubsection.4.7.2.1}{\376\377\0004\000.\0007\000.\0002\000.\0001\000\040\000m\000a\000i\000n\000\050\000\051}{subsection.4.7.2}% 75
\BOOKMARK [1][-]{section.4.8}{\376\377\0004\000.\0008\000\040\000R\000e\000f\000e\000r\000\352\000n\000c\000i\000a\000\040\000a\000o\000\040\000f\000i\000c\000h\000e\000i\000r\000o\000\040\000P\000a\000c\000i\000e\000n\000t\000e\000.\000h}{chapter.4}% 76
\BOOKMARK [2][-]{subsection.4.8.1}{\376\377\0004\000.\0008\000.\0001\000\040\000D\000o\000c\000u\000m\000e\000n\000t\000a\000\347\000\343\000o\000\040\000d\000a\000s\000\040\000m\000a\000c\000r\000o\000s}{section.4.8}% 77
\BOOKMARK [3][-]{subsubsection.4.8.1.1}{\376\377\0004\000.\0008\000.\0001\000.\0001\000\040\000N}{subsection.4.8.1}% 78
\BOOKMARK [2][-]{subsection.4.8.2}{\376\377\0004\000.\0008\000.\0002\000\040\000D\000o\000c\000u\000m\000e\000n\000t\000a\000\347\000\343\000o\000\040\000d\000o\000s\000\040\000t\000i\000p\000o\000s}{section.4.8}% 79
\BOOKMARK [3][-]{subsubsection.4.8.2.1}{\376\377\0004\000.\0008\000.\0002\000.\0001\000\040\000D\000i\000e\000t\000a}{subsection.4.8.2}% 80
\BOOKMARK [3][-]{subsubsection.4.8.2.2}{\376\377\0004\000.\0008\000.\0002\000.\0002\000\040\000P\000a\000c\000i\000e\000n\000t\000e}{subsection.4.8.2}% 81
\BOOKMARK [3][-]{subsubsection.4.8.2.3}{\376\377\0004\000.\0008\000.\0002\000.\0003\000\040\000P\000l\000a\000n\000o\000N\000u\000t\000r\000i\000c\000i\000o\000n\000a\000l}{subsection.4.8.2}% 82
\BOOKMARK [2][-]{subsection.4.8.3}{\376\377\0004\000.\0008\000.\0003\000\040\000D\000o\000c\000u\000m\000e\000n\000t\000a\000\347\000\343\000o\000\040\000d\000a\000s\000\040\000f\000u\000n\000\347\000\365\000e\000s}{section.4.8}% 83
\BOOKMARK [3][-]{subsubsection.4.8.3.1}{\376\377\0004\000.\0008\000.\0003\000.\0001\000\040\000l\000i\000s\000t\000a\000r\000P\000l\000a\000n\000o\000\050\000\051}{subsection.4.8.3}% 84
\BOOKMARK [3][-]{subsubsection.4.8.3.2}{\376\377\0004\000.\0008\000.\0003\000.\0002\000\040\000M\000e\000d\000i\000a\000C\000a\000l\000o\000r\000i\000a\000s\000\050\000\051}{subsection.4.8.3}% 85
\BOOKMARK [3][-]{subsubsection.4.8.3.3}{\376\377\0004\000.\0008\000.\0003\000.\0003\000\040\000M\000o\000s\000t\000r\000a\000r\000T\000a\000b\000e\000l\000a\000\050\000\051}{subsection.4.8.3}% 86
\BOOKMARK [3][-]{subsubsection.4.8.3.4}{\376\377\0004\000.\0008\000.\0003\000.\0004\000\040\000n\000u\000m\000P\000a\000c\000i\000e\000n\000t\000e\000s\000U\000l\000t\000r\000a\000p\000a\000s\000s\000a\000r\000a\000m\000\050\000\051}{subsection.4.8.3}% 87
\BOOKMARK [3][-]{subsubsection.4.8.3.5}{\376\377\0004\000.\0008\000.\0003\000.\0005\000\040\000P\000a\000c\000i\000e\000n\000t\000e\000s\000F\000o\000r\000a\000L\000i\000m\000i\000t\000e\000s\000\050\000\051}{subsection.4.8.3}% 88
\BOOKMARK [1][-]{section.4.9}{\376\377\0004\000.\0009\000\040\000P\000a\000c\000i\000e\000n\000t\000e\000.\000h}{chapter.4}% 89
\BOOKMARK [0][-]{section*.14}{\376\377\000\315\000n\000d\000i\000c\000e}{}% 90
